<?xml version="1.0" encoding="UTF-8" ?>
<testsuite tests="22" failures="0" name="runner.RunCukesTest" time="0.013" errors="0" skipped="0">
  <properties>
[...]
</properties>
  <testcase classname="Scenario: Login with a valid credentials" name="Given a valid user on the login page of Saucedemo" time="0.003"/>
  <testcase classname="Scenario: Login with a valid credentials" name="When the user fill out required fields" time="0.001"/>
  <testcase classname="Scenario: Login with a valid credentials" name="And the user press login" time="0"/>
  <testcase classname="Scenario: Login with a valid credentials" name="Then the user can see the products page" time="0"/>
  <testcase classname="Scenario: Login with a valid credentials" name="Scenario: Login with a valid credentials" time="0.001"/>
  <testcase classname="Scenario: Login with a invalid credentials" name="Given a invalid crentials try login to Saucedemo" time="0"/>
  <testcase classname="Scenario: Login with a invalid credentials" name="When the user fill out required fields" time="0"/>
  <testcase classname="Scenario: Login with a invalid credentials" name="And the user press login" time="0"/>
  <testcase classname="Scenario: Login with a invalid credentials" name="Then the user can see the alert of error" time="0"/>
  <testcase classname="Scenario: Login with a invalid credentials" name="Scenario: Login with a invalid credentials" time="0.006"/>
  <testcase classname="Scenario: Login with a bloked user" name="Given a bloked user to login" time="0"/>
  <testcase classname="Scenario: Login with a bloked user" name="When the user fill out required fields" time="0"/>
  <testcase classname="Scenario: Login with a bloked user" name="And the user press login" time="0"/>
  <testcase classname="Scenario: Login with a bloked user" name="Then the user can see the alert of blocked user" time="0"/>
  <testcase classname="Scenario: Login with a bloked user" name="Scenario: Login with a bloked user" time="0"/>
  <testcase classname="Scenario: Buy a product successfully" name="Given a valid user on the login page of Saucedemo" time="0.001"/>
  <testcase classname="Scenario: Buy a product successfully" name="When the user fill out required fields" time="0"/>
  <testcase classname="Scenario: Buy a product successfully" name="And the user press login" time="0"/>
  <testcase classname="Scenario: Buy a product successfully" name="And the user add a product to cart and press checkout" time="0"/>
  <testcase classname="Scenario: Buy a product successfully" name="And the user fill out the form and press finish" time="0"/>
  <testcase classname="Scenario: Buy a product successfully" name="Then the user can see the message of successfully checkout" time="0"/>
  <testcase classname="Scenario: Buy a product successfully" name="Scenario: Buy a product successfully" time="0.001"/>
</testsuite>